c:\users\laura\source\repos\project1\project1\debug\project1.ilk
c:\users\laura\source\repos\project1\debug\project1.exe
c:\users\laura\source\repos\project1\debug\project1.pdb
c:\users\laura\source\repos\project1\project1\debug\main.obj
c:\users\laura\source\repos\project1\project1\debug\test.obj
c:\users\laura\source\repos\project1\project1\debug\quiz1_yourauid.obj
c:\users\laura\source\repos\project1\project1\debug\vc143.idb
c:\users\laura\source\repos\project1\project1\debug\vc143.pdb
c:\users\laura\source\repos\project1\project1\debug\project1.tlog\cl.command.1.tlog
c:\users\laura\source\repos\project1\project1\debug\project1.tlog\link-cvtres.read.1.tlog
c:\users\laura\source\repos\project1\project1\debug\project1.tlog\link-cvtres.write.1.tlog
c:\users\laura\source\repos\project1\project1\debug\project1.tlog\link-rc.read.1.tlog
c:\users\laura\source\repos\project1\project1\debug\project1.tlog\link-rc.write.1.tlog
c:\users\laura\source\repos\project1\project1\debug\project1.tlog\link.10472-cvtres.read.1.tlog
c:\users\laura\source\repos\project1\project1\debug\project1.tlog\link.10472-cvtres.write.1.tlog
c:\users\laura\source\repos\project1\project1\debug\project1.tlog\link.10472-rc.read.1.tlog
c:\users\laura\source\repos\project1\project1\debug\project1.tlog\link.10472-rc.write.1.tlog
c:\users\laura\source\repos\project1\project1\debug\project1.tlog\link.10472.read.1.tlog
c:\users\laura\source\repos\project1\project1\debug\project1.tlog\link.10472.write.1.tlog
c:\users\laura\source\repos\project1\project1\debug\project1.tlog\link.command.1.tlog
c:\users\laura\source\repos\project1\project1\debug\project1.tlog\link.read.1.tlog
c:\users\laura\source\repos\project1\project1\debug\project1.tlog\link.write.1.tlog
c:\users\laura\source\repos\project1\project1\debug\project1.tlog\masm.read.1u.tlog
c:\users\laura\source\repos\project1\project1\debug\project1.tlog\masm.write.1u.tlog
